<?xml version="1.0" encoding="UTF-8"?><testsuite errors="1" failures="0" name="Seleccionar  fecha y hora y fecha" skipped="0" tests="1" time="15.8" timestamp="2022-12-12 02:08:17"><testcase name="Seleccionar fecha y fecha y hora"><error message="element click intercepted: Element &lt;h5&gt;...&lt;/h5&gt; is not clickable at point (941, 592). Other element would receive the click: &lt;iframe id=&quot;google_ads_iframe_/21849154601,22343295815/Ad.Plus-Anchor_0&quot; name=&quot;google_ads_iframe_/21849154601,22343295815/Ad.Plus-Anchor_0&quot; title=&quot;3rd party ad content&quot; width=&quot;970&quot; height=&quot;90&quot; scrolling=&quot;no&quot; marginwidth=&quot;0&quot; marginheight=&quot;0&quot; frameborder=&quot;0&quot; role=&quot;region&quot; aria-label=&quot;Advertisement&quot; tabindex=&quot;0&quot; style=&quot;border: 0px; vertical-align: bottom; width: 970px; height: 88px;&quot; data-load-complete=&quot;true&quot; data-google-container-id=&quot;1&quot;&gt;&lt;/iframe&gt;&#10;  (Session info: chrome=108.0.5359.99)&#10;Build info: version: '3.141.59', revision: 'e82be7d358', time: '2018-11-14T08:17:03'&#10;System info: host: 'LAPTOP-8T2C1512', ip: '192.168.1.8', os.name: 'Windows 10', os.arch: 'amd64', os.version: '10.0', java.version: '1.8.0_271'&#10;Driver info: org.openqa.selenium.chrome.ChromeDriver&#10;Capabilities {acceptInsecureCerts: false, browserName: chrome, browserVersion: 108.0.5359.99, chrome: {chromedriverVersion: 108.0.5359.71 (1e0e3868ee06..., userDataDir: C:\Users\DANIEL~1\AppData\L...}, goog:chromeOptions: {debuggerAddress: localhost:57903}, javascriptEnabled: true, networkConnectionEnabled: false, pageLoadStrategy: normal, platform: WINDOWS, platformName: WINDOWS, proxy: Proxy(), setWindowRect: true, strictFileInteractability: false, timeouts: {implicit: 0, pageLoad: 300000, script: 30000}, unhandledPromptBehavior: dismiss and notify, webauthn:extension:credBlob: true, webauthn:extension:largeBlob: true, webauthn:virtualAuthenticators: true}&#10;Session ID: e0bd577aa101bf0e3f1b2c093657df48" type="org.openqa.selenium.ElementClickInterceptedException">element click intercepted: Element &lt;h5&gt;...&lt;/h5&gt; is not clickable at point (941, 592). Other element would receive the click: &lt;iframe id="google_ads_iframe_/21849154601,22343295815/Ad.Plus-Anchor_0" name="google_ads_iframe_/21849154601,22343295815/Ad.Plus-Anchor_0" title="3rd party ad content" width="970" height="90" scrolling="no" marginwidth="0" marginheight="0" frameborder="0" role="region" aria-label="Advertisement" tabindex="0" style="border: 0px; vertical-align: bottom; width: 970px; height: 88px;" data-load-complete="true" data-google-container-id="1"&gt;&lt;/iframe&gt;
  (Session info: chrome=108.0.5359.99)
Build info: version: '3.141.59', revision: 'e82be7d358', time: '2018-11-14T08:17:03'
System info: host: 'LAPTOP-8T2C1512', ip: '192.168.1.8', os.name: 'Windows 10', os.arch: 'amd64', os.version: '10.0', java.version: '1.8.0_271'
Driver info: org.openqa.selenium.chrome.ChromeDriver
Capabilities {acceptInsecureCerts: false, browserName: chrome, browserVersion: 108.0.5359.99, chrome: {chromedriverVersion: 108.0.5359.71 (1e0e3868ee06..., userDataDir: C:\Users\DANIEL~1\AppData\L...}, goog:chromeOptions: {debuggerAddress: localhost:57903}, javascriptEnabled: true, networkConnectionEnabled: false, pageLoadStrategy: normal, platform: WINDOWS, platformName: WINDOWS, proxy: Proxy(), setWindowRect: true, strictFileInteractability: false, timeouts: {implicit: 0, pageLoad: 300000, script: 30000}, unhandledPromptBehavior: dismiss and notify, webauthn:extension:credBlob: true, webauthn:extension:largeBlob: true, webauthn:virtualAuthenticators: true}
Session ID: e0bd577aa101bf0e3f1b2c093657df48</error><system-err>element click intercepted: Element &lt;h5&gt;...&lt;/h5&gt; is not clickable at point (941, 592). Other element would receive the click: &lt;iframe id="google_ads_iframe_/21849154601,22343295815/Ad.Plus-Anchor_0" name="google_ads_iframe_/21849154601,22343295815/Ad.Plus-Anchor_0" title="3rd party ad content" width="970" height="90" scrolling="no" marginwidth="0" marginheight="0" frameborder="0" role="region" aria-label="Advertisement" tabindex="0" style="border: 0px; vertical-align: bottom; width: 970px; height: 88px;" data-load-complete="true" data-google-container-id="1"&gt;&lt;/iframe&gt;
  (Session info: chrome=108.0.5359.99)
Build info: version: '3.141.59', revision: 'e82be7d358', time: '2018-11-14T08:17:03'
System info: host: 'LAPTOP-8T2C1512', ip: '192.168.1.8', os.name: 'Windows 10', os.arch: 'amd64', os.version: '10.0', java.version: '1.8.0_271'
Driver info: org.openqa.selenium.chrome.ChromeDriver
Capabilities {acceptInsecureCerts: false, browserName: chrome, browserVersion: 108.0.5359.99, chrome: {chromedriverVersion: 108.0.5359.71 (1e0e3868ee06..., userDataDir: C:\Users\DANIEL~1\AppData\L...}, goog:chromeOptions: {debuggerAddress: localhost:57903}, javascriptEnabled: true, networkConnectionEnabled: false, pageLoadStrategy: normal, platform: WINDOWS, platformName: WINDOWS, proxy: Proxy(), setWindowRect: true, strictFileInteractability: false, timeouts: {implicit: 0, pageLoad: 300000, script: 30000}, unhandledPromptBehavior: dismiss and notify, webauthn:extension:credBlob: true, webauthn:extension:largeBlob: true, webauthn:virtualAuthenticators: true}
Session ID: e0bd577aa101bf0e3f1b2c093657df48&#13;
com.demoqa.tasks.dateTask.performAs(dateTask.java:14)&#13;
com.demoqa.stepdefinitions.dateStepDefinitions.seleccionarUnaFechaYFechaYHora(dateStepDefinitions.java:36)&#13;
cucumber.runner.Runner.runPickle(Runner.java:80)&#13;
worker.org.gradle.process.internal.worker.GradleWorkerMain.run(GradleWorkerMain.java:69)&#13;
worker.org.gradle.process.internal.worker.GradleWorkerMain.main(GradleWorkerMain.java:74)&#13;
</system-err></testcase></testsuite>